<?xml version="1.0" encoding="utf-8"?><testsuites name="pytest tests"><testsuite name="pytest" errors="0" failures="0" skipped="0" tests="9" time="21.691" timestamp="2026-08-01T21:51:47.871625+00:00" hostname="agent-env-ffde48d1-4bec-437f-9acd-9102709ea2f4"><testcase classname="tests.test_gcs_backend.TestCommands" name="test_arm_takeoff_land" time="16.370" /><testcase classname="tests.test_gcs_backend.TestDrones" name="test_list_drones_initial" time="0.159" /><testcase classname="tests.test_gcs_backend.TestDrones" name="test_create_drone" time="0.136" /><testcase classname="tests.test_gcs_backend.TestDrones" name="test_connect_disconnect" time="2.133" /><testcase classname="tests.test_gcs_backend.TestMissions" name="test_mission_crud" time="0.345" /><testcase classname="tests.test_gcs_backend.TestHistory" name="test_history" time="0.047" /><testcase classname="tests.test_gcs_backend.TestWebSocket" name="test_ws_snapshot_and_updates" time="1.168" /><testcase classname="tests.test_gcs_backend.TestCommands" name="test_emergency_stop" time="2.264" /><testcase classname="tests.test_gcs_backend.TestCommands" name="test_multi_drone_command" time="2.531" /></testsuite></testsuites>